docs/Android/apeach-26.1.0-source/build/intermediates/manifest_merge_blame_file/debug/processDebugMainManifest/manifest-merger-blame-debug-report.txt
1<?xml version="1.0" encoding="utf-8"?>
2<manifest xmlns:android="http://schemas.android.com/apk/res/android"
3    package="com.kakao.talk.theme.template"
4    android:versionCode="100"
5    android:versionName="1.0.0" >
6
7    <uses-sdk
8        android:minSdkVersion="28"
9        android:targetSdkVersion="35" />
10
11    <uses-permission android:name="com.kakao.talk.v2.theme" />
11-->src/main/AndroidManifest.xml:6:5-63
11-->src/main/AndroidManifest.xml:6:22-60
12
13    <queries>
13-->src/main/AndroidManifest.xml:8:5-10:15
14        <package android:name="com.kakao.talk" />
14-->src/main/AndroidManifest.xml:9:9-50
14-->src/main/AndroidManifest.xml:9:18-47
15    </queries>
16
17    <application
17-->src/main/AndroidManifest.xml:12:5-39:19
18        android:allowBackup="true"
18-->src/main/AndroidManifest.xml:13:9-35
19        android:debuggable="true"
20        android:extractNativeLibs="false"
21        android:icon="@mipmap/ic_launcher"
21-->src/main/AndroidManifest.xml:14:9-43
22        android:label="@string/app_name" >
22-->src/main/AndroidManifest.xml:15:9-41
23        <meta-data
23-->src/main/AndroidManifest.xml:18:9-20:35
24            android:name="android.max_aspect"
24-->src/main/AndroidManifest.xml:19:13-46
25            android:value="2.1" />
25-->src/main/AndroidManifest.xml:20:13-32
26
27        <activity
27-->src/main/AndroidManifest.xml:22:9-37:20
28            android:name="com.kakao.talk.theme.apeach.MainActivity"
28-->src/main/AndroidManifest.xml:23:13-41
29            android:excludeFromRecents="true"
29-->src/main/AndroidManifest.xml:24:13-46
30            android:exported="true"
30-->src/main/AndroidManifest.xml:25:13-36
31            android:launchMode="singleTop"
31-->src/main/AndroidManifest.xml:26:13-43
32            android:theme="@style/noAnimTheme" >
32-->src/main/AndroidManifest.xml:27:13-47
33            <intent-filter>
33-->src/main/AndroidManifest.xml:29:13-32:29
34                <action android:name="android.intent.action.MAIN" />
34-->src/main/AndroidManifest.xml:30:17-69
34-->src/main/AndroidManifest.xml:30:25-66
35
36                <category android:name="android.intent.category.LAUNCHER" />
36-->src/main/AndroidManifest.xml:31:17-77
36-->src/main/AndroidManifest.xml:31:27-74
37            </intent-filter>
38            <intent-filter>
38-->src/main/AndroidManifest.xml:33:13-35:29
39                <action android:name="com.kakao.talk.theme.action.MAIN" />
39-->src/main/AndroidManifest.xml:34:17-75
39-->src/main/AndroidManifest.xml:34:25-72
40            </intent-filter>
41        </activity>
42    </application>
43
44</manifest>